<?xml version="1.0" encoding="UTF-8"?>
<!-- Generated by org.testng.reporters.JUnitXMLReporter -->
<testsuite ignored="0" hostname="DESKTOP-4VT63TV" failures="0" tests="6" name="Test" time="0.074" errors="0" timestamp="2023-06-06T10:04:01 IST">
  <testcase classname="TestNGPrograms.Sample" name="TC3" time="0.003"/>
  <testcase classname="TestNGPrograms.Sample" name="TC1" time="0.002"/>
  <testcase classname="TestNGPrograms.Sample" name="TC2" time="0.001">
    <skipped/>
  </testcase> <!-- TC2 -->
  <testcase classname="TestNGPrograms.Sample" name="TC2" time="0.001">
    <skipped/>
  </testcase> <!-- TC2 -->
  <testcase classname="TestNGPrograms.Sample" name="TC2" time="0.002">
    <skipped/>
  </testcase> <!-- TC2 -->
  <testcase classname="TestNGPrograms.Sample" name="TC2" time="0.0">
    <skipped/>
  </testcase> <!-- TC2 -->
</testsuite> <!-- Test -->
